<?xml version="1.0" encoding="UTF-8"?>
<!-- Generated by org.testng.reporters.JUnitReportReporter -->
<testsuite hostname="XIPL91769" failures="0" tests="2" name="APITests" time="2.319" errors="0" timestamp="2022-03-01T15:19:33 IST" skipped="0">
  <testcase classname="APITests" name="test2" time="0.602"/>
  <system-out/>
  <testcase classname="APITests" name="test1" time="1.717"/>
  <system-out/>
</testsuite> <!-- APITests -->
